<?xml version="1.0" encoding="UTF-8"?>
<!-- Generated by org.testng.reporters.JUnitXMLReporter -->
<testsuite hostname="C3LAP002" ignored="10" name="MyWin_AddElectroniCheck" tests="1" failures="1" timestamp="17 Jun 2019 10:38:37 GMT" time="84.066" errors="0">
  <testcase name="myWin_AddElectronicCheck" time="70.479" classname="com.mobileautomation.tests.MyWin_PaymentsSuite">
    <failure type="java.lang.AssertionError" message="this will make the test method fail expected [true] but found [false]">
      <![CDATA[java.lang.AssertionError: this will make the test method fail expected [true] but found [false]
	at commonUtil.WebDriverUtils.takeScreenshot(WebDriverUtils.java:60)
	at com.mobileautomation.tests.MyWin_PaymentsSuite.myWin_AddElectronicCheck(MyWin_PaymentsSuite.java:244)
	at java.util.concurrent.FutureTask.run(Unknown Source)
	at java.util.concurrent.ThreadPoolExecutor.runWorker(Unknown Source)
	at java.util.concurrent.ThreadPoolExecutor$Worker.run(Unknown Source)
	at java.lang.Thread.run(Unknown Source)
... Removed 19 stack frames]]>
    </failure>
  </testcase> <!-- myWin_AddElectronicCheck -->
  <testcase name="myWin_MakePayment" time="0.0" classname="com.mobileautomation.tests.MyWin_PaymentsSuite">
    <ignored/>
  </testcase> <!-- myWin_MakePayment -->
  <testcase name="myWin_negativeCheck_ElectonicCheck" time="0.0" classname="com.mobileautomation.tests.MyWin_PaymentsSuite">
    <ignored/>
  </testcase> <!-- myWin_negativeCheck_ElectonicCheck -->
  <testcase name="myWin_SuspendAutoPay" time="0.0" classname="com.mobileautomation.tests.MyWin_PaymentsSuite">
    <ignored/>
  </testcase> <!-- myWin_SuspendAutoPay -->
  <testcase name="myWin_ViewBillingHistory" time="0.0" classname="com.mobileautomation.tests.MyWin_PaymentsSuite">
    <ignored/>
  </testcase> <!-- myWin_ViewBillingHistory -->
  <testcase name="myWin_VerifyDueAmount" time="0.0" classname="com.mobileautomation.tests.MyWin_PaymentsSuite">
    <ignored/>
  </testcase> <!-- myWin_VerifyDueAmount -->
  <testcase name="myWin_SchedulePayment" time="0.0" classname="com.mobileautomation.tests.MyWin_PaymentsSuite">
    <ignored/>
  </testcase> <!-- myWin_SchedulePayment -->
  <testcase name="myWin_EnrollAutoPay" time="0.0" classname="com.mobileautomation.tests.MyWin_PaymentsSuite">
    <ignored/>
  </testcase> <!-- myWin_EnrollAutoPay -->
  <testcase name="myWin_AddCredit_DebitCard" time="0.0" classname="com.mobileautomation.tests.MyWin_PaymentsSuite">
    <ignored/>
  </testcase> <!-- myWin_AddCredit_DebitCard -->
  <testcase name="myWin_DeleteAddedCards" time="0.0" classname="com.mobileautomation.tests.MyWin_PaymentsSuite">
    <ignored/>
  </testcase> <!-- myWin_DeleteAddedCards -->
  <testcase name="myWin_DerollAutoPay" time="0.0" classname="com.mobileautomation.tests.MyWin_PaymentsSuite">
    <ignored/>
  </testcase> <!-- myWin_DerollAutoPay -->
</testsuite> <!-- MyWin_AddElectroniCheck -->
