<?xml version="1.0" encoding="UTF-8"?>
<!-- Generated by org.testng.reporters.JUnitXMLReporter -->
<testsuite hostname="C3LAP002" ignored="11" name="MyWin_AddDeleteElectroniCheck" tests="1" failures="1" timestamp="13 Aug 2019 07:14:25 GMT" time="108.459" errors="0">
  <testcase name="myWin_AddDeleteElectronicCheck" time="94.28" classname="com.mobileautomation.tests.MyWin_PaymentsSuite">
    <failure type="java.lang.AssertionError" message="TIMEOUT EXCEPTION element does not exist Sign In Button">
      <![CDATA[java.lang.AssertionError: TIMEOUT EXCEPTION element does not exist Sign In Button
	at commonUtil.MobileDriverUtils.clickMobileElement(MobileDriverUtils.java:189)
	at com.mobile.MyWin.pageobject.MyWinMobile_LoginPage.navigateTo_MywinHome(MyWinMobile_LoginPage.java:303)
	at com.mobileautomation.tests.MyWin_PaymentsSuite.myWin_AddDeleteElectronicCheck(MyWin_PaymentsSuite.java:226)
	at java.util.concurrent.FutureTask.run(Unknown Source)
	at java.util.concurrent.ThreadPoolExecutor.runWorker(Unknown Source)
	at java.util.concurrent.ThreadPoolExecutor$Worker.run(Unknown Source)
	at java.lang.Thread.run(Unknown Source)
... Removed 17 stack frames]]>
    </failure>
  </testcase> <!-- myWin_AddDeleteElectronicCheck -->
  <testcase name="myWin_negativeCheck_ElectonicCheck" time="0.0" classname="com.mobileautomation.tests.MyWin_PaymentsSuite">
    <ignored/>
  </testcase> <!-- myWin_negativeCheck_ElectonicCheck -->
  <testcase name="myWin_MakePayment" time="0.0" classname="com.mobileautomation.tests.MyWin_PaymentsSuite">
    <ignored/>
  </testcase> <!-- myWin_MakePayment -->
  <testcase name="myWin_SuspendAutoPay" time="0.0" classname="com.mobileautomation.tests.MyWin_PaymentsSuite">
    <ignored/>
  </testcase> <!-- myWin_SuspendAutoPay -->
  <testcase name="myWin_ViewBillingHistory" time="0.0" classname="com.mobileautomation.tests.MyWin_PaymentsSuite">
    <ignored/>
  </testcase> <!-- myWin_ViewBillingHistory -->
  <testcase name="myWin_VerifyDueAmount" time="0.0" classname="com.mobileautomation.tests.MyWin_PaymentsSuite">
    <ignored/>
  </testcase> <!-- myWin_VerifyDueAmount -->
  <testcase name="myWin_AddDeleteCredit_DebitCard" time="0.0" classname="com.mobileautomation.tests.MyWin_PaymentsSuite">
    <ignored/>
  </testcase> <!-- myWin_AddDeleteCredit_DebitCard -->
  <testcase name="myWin_SchedulePayment" time="0.0" classname="com.mobileautomation.tests.MyWin_PaymentsSuite">
    <ignored/>
  </testcase> <!-- myWin_SchedulePayment -->
  <testcase name="myWin_EnrollAutoPay" time="0.0" classname="com.mobileautomation.tests.MyWin_PaymentsSuite">
    <ignored/>
  </testcase> <!-- myWin_EnrollAutoPay -->
  <testcase name="myWin_AddCredit_DebitCard" time="0.0" classname="com.mobileautomation.tests.MyWin_PaymentsSuite">
    <ignored/>
  </testcase> <!-- myWin_AddCredit_DebitCard -->
  <testcase name="myWin_DeleteAddedCards" time="0.0" classname="com.mobileautomation.tests.MyWin_PaymentsSuite">
    <ignored/>
  </testcase> <!-- myWin_DeleteAddedCards -->
  <testcase name="myWin_DerollAutoPay" time="0.0" classname="com.mobileautomation.tests.MyWin_PaymentsSuite">
    <ignored/>
  </testcase> <!-- myWin_DerollAutoPay -->
</testsuite> <!-- MyWin_AddDeleteElectroniCheck -->
