<html>
<head>
<title>TestNG:  MyWin_AddDebit/Creditcard</title>
<link href="../testng.css" rel="stylesheet" type="text/css" />
<link href="../my-testng.css" rel="stylesheet" type="text/css" />

<style type="text/css">
.log { display: none;} 
.stack-trace { display: none;} 
</style>
<script type="text/javascript">
<!--
function flip(e) {
  current = e.style.display;
  if (current == 'block') {
    e.style.display = 'none';
    return 0;
  }
  else {
    e.style.display = 'block';
    return 1;
  }
}

function toggleBox(szDivId, elem, msg1, msg2)
{
  var res = -1;  if (document.getElementById) {
    res = flip(document.getElementById(szDivId));
  }
  else if (document.all) {
    // this is the way old msie versions work
    res = flip(document.all[szDivId]);
  }
  if(elem) {
    if(res == 0) elem.innerHTML = msg1; else elem.innerHTML = msg2;
  }

}

function toggleAllBoxes() {
  if (document.getElementsByTagName) {
    d = document.getElementsByTagName('div');
    for (i = 0; i < d.length; i++) {
      if (d[i].className == 'log') {
        flip(d[i]);
      }
    }
  }
}

// -->
</script>

</head>
<body>
<h2 align='center'>MyWin_AddDebit/Creditcard</h2><table border='1' align="center">
<tr>
<td>Tests passed/Failed/Skipped:</td><td>0/1/0</td>
</tr><tr>
<td>Started on:</td><td>Tue Jun 18 15:20:33 IST 2019</td>
</tr>
<tr><td>Total time:</td><td>140 seconds (140384 ms)</td>
</tr><tr>
<td>Included groups:</td><td></td>
</tr><tr>
<td>Excluded groups:</td><td></td>
</tr>
</table><p/>
<small><i>(Hover the method name to see the test class name)</i></small><p/>
<table width='100%' border='1' class='invocation-failed'>
<tr><td colspan='4' align='center'><b>FAILED TESTS</b></td></tr>
<tr><td><b>Test method</b></td>
<td width="30%"><b>Exception</b></td>
<td width="10%"><b>Time (seconds)</b></td>
<td><b>Instance</b></td>
</tr>
<tr>
<td title='com.mobileautomation.tests.MyWin_PaymentsSuite.myWin_AddCredit_DebitCard()'><b>myWin_AddCredit_DebitCard</b><br>Test class: com.mobileautomation.tests.MyWin_PaymentsSuite<br/>
<a href="#Output-2049552847" onClick='toggleBox("Output-2049552847", this, "Show output", "Hide output");'>Show output</a>

<a href="#Output-2049552847" onClick="toggleAllBoxes();">Show all outputs</a>
<div class='log' id="Output-2049552847">
***************  Properties ***************<br/>
URL :=my_mobile<br/>
                                                   <br/>
*************** Data  ***************<br/>
col A - Menu : ConsumerOffers<br/>
col B - Username : weonlinetest12<br/>
col C - Pwd : P03DevTestPass13<br/>
col D - additional customer parameters: <br/>
col E - additional usernames: <br/>
col F - external user name: <br/>
col G - external user password: <br/>
                                                   <br/>
*************** Test Execution log  ***************<br/>
Consumer App is launched<br/>
Searching for element :=Homeicon<br/>
Web element = 'Homeicon' is identified successfully<br/>
Logged in<br/>
User Story : MyWin_AddCredit_DebitCard<br/>
                                                             <br/>
                         ManagePaymentMethods - Add Credit/Debit Card                                     <br/>
****************   ManagePaymentMethods - Add Credit/Debit Card   ****************<br/>
Clicked on Billing loaded in 0 seconds<br/>
Clicked on options loaded in 0 seconds<br/>
Clicked on ManagePaymentMethods loaded in 0 seconds<br/>
Searching for element :=AddPaymentMethod<br/>
Web element = 'AddPaymentMethod' is identified successfully<br/>
Clicked on AddPaymentMethod loaded in 0 seconds<br/>
Searching for element :=PaymentType<br/>
Web element = 'PaymentType' is identified successfully<br/>
CreditCard-Option Radiobutton Selected <br/>
4828572866336019 entered in the Card Number field<br/>
Clicked on ExpiryMonthDropdown loaded in 0 seconds<br/>
Selected ==04from ExpiryMonthDropdown<br/>
Clicked on ExpiryYearDropdown loaded in 0 seconds<br/>
Selected ==2020from ExpiryYearDropdown<br/>
744 entered in the Cvv field<br/>
24577 entered in the Zipcode field<br/>
Searching for element :=Add Card Button<br/>
Web element = 'Add Card Button' is identified successfully<br/>
Clicked on AddCard-Button loaded in 0 seconds<br/>
Clicked on AddCard-Button loaded in 0 seconds<br/>
Searching for element :=ManagePaymentMethod-Screen<br/>
Timed out waiting for element := ManagePaymentMethod-Screen<br/>
Web element = 'ManagePaymentMethod-Screen' is not identified<br/>
Validating 4828572866336019 is Listed or not<br/>
Searching for element :=AddPaymentAlert-Message<br/>
Web element = 'AddPaymentAlert-Message' is identified successfully<br/>
Credit card already exists for the account!<br/>
myWin_AddCredit_DebitCard ==> Test case Failed<br/>
D:\D drive\PO3-Automation\QA\Po3WinLinkPortalAutomation\.\ScreenShots\18-06-2019 03-22-52\myWin_AddCredit_DebitCard_error18-06-2019 03-22-52.png<br/>
</div>
</td>
<td><div><pre>java.lang.AssertionError: this will make the test method fail expected [true] but found [false]
	at commonUtil.WebDriverUtils.takeScreenshot(WebDriverUtils.java:60)
	at com.mobileautomation.tests.MyWin_PaymentsSuite.myWin_AddCredit_DebitCard(MyWin_PaymentsSuite.java:268)
	at java.util.concurrent.FutureTask.run(Unknown Source)
	at java.util.concurrent.ThreadPoolExecutor.runWorker(Unknown Source)
	at java.util.concurrent.ThreadPoolExecutor$Worker.run(Unknown Source)
	at java.lang.Thread.run(Unknown Source)
... Removed 19 stack frames</pre></div><a href='#' onClick='toggleBox("stack-trace2049552847", this, "Click to show all stack frames", "Click to hide stack frames")'>Click to show all stack frames</a>
<div class='stack-trace' id='stack-trace2049552847'><pre>java.lang.AssertionError: this will make the test method fail expected [true] but found [false]
	at org.testng.Assert.fail(Assert.java:94)
	at org.testng.Assert.failNotEquals(Assert.java:513)
	at org.testng.Assert.assertTrue(Assert.java:42)
	at commonUtil.WebDriverUtils.takeScreenshot(WebDriverUtils.java:60)
	at com.mobileautomation.tests.MyWin_PaymentsSuite.myWin_AddCredit_DebitCard(MyWin_PaymentsSuite.java:268)
	at sun.reflect.NativeMethodAccessorImpl.invoke0(Native Method)
	at sun.reflect.NativeMethodAccessorImpl.invoke(Unknown Source)
	at sun.reflect.DelegatingMethodAccessorImpl.invoke(Unknown Source)
	at java.lang.reflect.Method.invoke(Unknown Source)
	at org.testng.internal.MethodInvocationHelper.invokeMethod(MethodInvocationHelper.java:104)
	at org.testng.internal.Invoker.invokeMethod(Invoker.java:645)
	at org.testng.internal.Invoker.invokeTestMethod(Invoker.java:851)
	at org.testng.internal.Invoker.invokeTestMethods(Invoker.java:1177)
	at org.testng.internal.TestMethodWorker.invokeTestMethods(TestMethodWorker.java:129)
	at org.testng.internal.TestMethodWorker.run(TestMethodWorker.java:112)
	at org.testng.TestRunner.privateRun(TestRunner.java:756)
	at org.testng.TestRunner.run(TestRunner.java:610)
	at org.testng.SuiteRunner.runTest(SuiteRunner.java:387)
	at org.testng.SuiteRunner.access$000(SuiteRunner.java:39)
	at org.testng.SuiteRunner$SuiteWorker.run(SuiteRunner.java:421)
	at org.testng.internal.thread.ThreadUtil$2.call(ThreadUtil.java:64)
	at java.util.concurrent.FutureTask.run(Unknown Source)
	at java.util.concurrent.ThreadPoolExecutor.runWorker(Unknown Source)
	at java.util.concurrent.ThreadPoolExecutor$Worker.run(Unknown Source)
	at java.lang.Thread.run(Unknown Source)
</pre></div></td>
<td>126</td>
<td>com.mobileautomation.tests.MyWin_PaymentsSuite@4f7d0008</td></tr>
</table><p>
</body>
</html>