<?xml version="1.0" encoding="UTF-8"?>
<!-- Generated by org.testng.reporters.JUnitXMLReporter -->
<testsuite hostname="C3LAP002" ignored="0" name="WE-CreateSupportRequest" tests="1" failures="1" timestamp="23 Aug 2019 07:35:52 GMT" time="163.259" errors="0">
  <testcase name="weConnect_CreateSupportRequest" time="147.45" classname="com.mobileautomation.tests.WE_SupportRequestSuite">
    <failure type="java.lang.AssertionError" message="this will make the test method fail expected [true] but found [false]">
      <![CDATA[java.lang.AssertionError: this will make the test method fail expected [true] but found [false]
	at commonUtil.WebDriverUtils.takeScreenshot(WebDriverUtils.java:60)
	at com.mobileautomation.tests.WE_SupportRequestSuite.weConnect_CreateSupportRequest(WE_SupportRequestSuite.java:46)
	at java.util.concurrent.FutureTask.run(Unknown Source)
	at java.util.concurrent.ThreadPoolExecutor.runWorker(Unknown Source)
	at java.util.concurrent.ThreadPoolExecutor$Worker.run(Unknown Source)
	at java.lang.Thread.run(Unknown Source)
... Removed 19 stack frames]]>
    </failure>
  </testcase> <!-- weConnect_CreateSupportRequest -->
</testsuite> <!-- WE-CreateSupportRequest -->
