<html>
<head>
<title>TestNG:  WE-FavoriteGroup</title>
<link href="../testng.css" rel="stylesheet" type="text/css" />
<link href="../my-testng.css" rel="stylesheet" type="text/css" />

<style type="text/css">
.log { display: none;} 
.stack-trace { display: none;} 
</style>
<script type="text/javascript">
<!--
function flip(e) {
  current = e.style.display;
  if (current == 'block') {
    e.style.display = 'none';
    return 0;
  }
  else {
    e.style.display = 'block';
    return 1;
  }
}

function toggleBox(szDivId, elem, msg1, msg2)
{
  var res = -1;  if (document.getElementById) {
    res = flip(document.getElementById(szDivId));
  }
  else if (document.all) {
    // this is the way old msie versions work
    res = flip(document.all[szDivId]);
  }
  if(elem) {
    if(res == 0) elem.innerHTML = msg1; else elem.innerHTML = msg2;
  }

}

function toggleAllBoxes() {
  if (document.getElementsByTagName) {
    d = document.getElementsByTagName('div');
    for (i = 0; i < d.length; i++) {
      if (d[i].className == 'log') {
        flip(d[i]);
      }
    }
  }
}

// -->
</script>

</head>
<body>
<h2 align='center'>WE-FavoriteGroup</h2><table border='1' align="center">
<tr>
<td>Tests passed/Failed/Skipped:</td><td>0/1/0</td>
</tr><tr>
<td>Started on:</td><td>Tue Aug 06 13:37:13 IST 2019</td>
</tr>
<tr><td>Total time:</td><td>38 seconds (38014 ms)</td>
</tr><tr>
<td>Included groups:</td><td></td>
</tr><tr>
<td>Excluded groups:</td><td></td>
</tr>
</table><p/>
<small><i>(Hover the method name to see the test class name)</i></small><p/>
<table width='100%' border='1' class='invocation-failed'>
<tr><td colspan='4' align='center'><b>FAILED TESTS</b></td></tr>
<tr><td><b>Test method</b></td>
<td width="30%"><b>Exception</b></td>
<td width="10%"><b>Time (seconds)</b></td>
<td><b>Instance</b></td>
</tr>
<tr>
<td title='com.mobileautomation.tests.WE_OfficeSuiteUC.weConnect_GroupsAddFavorite()'><b>weConnect_GroupsAddFavorite</b><br>Test class: com.mobileautomation.tests.WE_OfficeSuiteUC<br/>
<a href="#Output-1072770942" onClick='toggleBox("Output-1072770942", this, "Show output", "Hide output");'>Show output</a>

<a href="#Output-1072770942" onClick="toggleAllBoxes();">Show all outputs</a>
<div class='log' id="Output-1072770942">
***************  Properties ***************<br/>
URL :=weconnect_mobile<br/>
                                                   <br/>
*************** Data  ***************<br/>
col A - Menu : BVN_User<br/>
col B - Username : weonlinetest6<br/>
col C - Pwd : P03DevTestPass666<br/>
col D - additional customer parameters: Null<br/>
col E - additional usernames: Null<br/>
col F - external user name: Null<br/>
col G - external user password: Null<br/>
                                                   <br/>
*************** Test Execution log  ***************<br/>
WeConnect App is launched<br/>
Searching for element :=LandingScreen<br/>
Web element = 'LandingScreen' is identified successfully<br/>
Logged in<br/>
User Story : AddGroups as Favorite<br/>
                                                             <br/>
                         OfficeSuiteUC -  AddGroups as Favorite                                     <br/>
****************   OfficeSuiteUC -  AddGroups as Favorite   ****************<br/>
Clicked on HamburgerMenu loaded in 0 seconds<br/>
Clicked on OfficeSuiteUCOption loaded in 0 seconds<br/>
Clicked on ContactIcon loaded in 0 seconds<br/>
Clicked on Groups-Tab loaded in 0 seconds<br/>
Searching for element :=Groups<br/>
Web element = 'Groups' is identified successfully<br/>
Favorited GroupName is sakentadmin1 2<br/>
Clicked on Favorite loaded in 0 seconds<br/>
Clicked on Favorites-Tab loaded in 0 seconds<br/>
Searching for element :=Groups<br/>
Web element = 'Groups' is identified successfully<br/>
sakentadmin1 2 is not added to Favorites <br/>
weConnect_GroupsAddFavorite ==> Test case Failed<br/>
D:\D drive\PO3-Automation\QA\Po3WinLinkPortalAutomation\.\ScreenShots\06-08-2019 01-37-50\weConnect_GroupsAddFavorite_error06-08-2019 01-37-50.png<br/>
</div>
</td>
<td><div><pre>java.lang.AssertionError: this will make the test method fail expected [true] but found [false]
	at commonUtil.WebDriverUtils.takeScreenshot(WebDriverUtils.java:60)
	at com.mobileautomation.tests.WE_OfficeSuiteUC.weConnect_GroupsAddFavorite(WE_OfficeSuiteUC.java:73)
	at java.util.concurrent.FutureTask.run(Unknown Source)
	at java.util.concurrent.ThreadPoolExecutor.runWorker(Unknown Source)
	at java.util.concurrent.ThreadPoolExecutor$Worker.run(Unknown Source)
	at java.lang.Thread.run(Unknown Source)
... Removed 19 stack frames</pre></div><a href='#' onClick='toggleBox("stack-trace1072770942", this, "Click to show all stack frames", "Click to hide stack frames")'>Click to show all stack frames</a>
<div class='stack-trace' id='stack-trace1072770942'><pre>java.lang.AssertionError: this will make the test method fail expected [true] but found [false]
	at org.testng.Assert.fail(Assert.java:94)
	at org.testng.Assert.failNotEquals(Assert.java:513)
	at org.testng.Assert.assertTrue(Assert.java:42)
	at commonUtil.WebDriverUtils.takeScreenshot(WebDriverUtils.java:60)
	at com.mobileautomation.tests.WE_OfficeSuiteUC.weConnect_GroupsAddFavorite(WE_OfficeSuiteUC.java:73)
	at sun.reflect.NativeMethodAccessorImpl.invoke0(Native Method)
	at sun.reflect.NativeMethodAccessorImpl.invoke(Unknown Source)
	at sun.reflect.DelegatingMethodAccessorImpl.invoke(Unknown Source)
	at java.lang.reflect.Method.invoke(Unknown Source)
	at org.testng.internal.MethodInvocationHelper.invokeMethod(MethodInvocationHelper.java:104)
	at org.testng.internal.Invoker.invokeMethod(Invoker.java:645)
	at org.testng.internal.Invoker.invokeTestMethod(Invoker.java:851)
	at org.testng.internal.Invoker.invokeTestMethods(Invoker.java:1177)
	at org.testng.internal.TestMethodWorker.invokeTestMethods(TestMethodWorker.java:129)
	at org.testng.internal.TestMethodWorker.run(TestMethodWorker.java:112)
	at org.testng.TestRunner.privateRun(TestRunner.java:756)
	at org.testng.TestRunner.run(TestRunner.java:610)
	at org.testng.SuiteRunner.runTest(SuiteRunner.java:387)
	at org.testng.SuiteRunner.access$000(SuiteRunner.java:39)
	at org.testng.SuiteRunner$SuiteWorker.run(SuiteRunner.java:421)
	at org.testng.internal.thread.ThreadUtil$2.call(ThreadUtil.java:64)
	at java.util.concurrent.FutureTask.run(Unknown Source)
	at java.util.concurrent.ThreadPoolExecutor.runWorker(Unknown Source)
	at java.util.concurrent.ThreadPoolExecutor$Worker.run(Unknown Source)
	at java.lang.Thread.run(Unknown Source)
</pre></div></td>
<td>23</td>
<td>com.mobileautomation.tests.WE_OfficeSuiteUC@239963d8</td></tr>
</table><p>
</body>
</html>