<?xml version="1.0" encoding="UTF-8"?>
<!-- Generated by org.testng.reporters.JUnitXMLReporter -->
<testsuite hostname="C3LAP002" ignored="2" name="WE-ProfileSettings" tests="1" failures="1" timestamp="23 Aug 2019 07:33:09 GMT" time="50.303" errors="0">
  <testcase name="weConnect_ProfileSettings" time="34.777" classname="com.mobileautomation.tests.WE_ProfileSettingsSuite">
    <failure type="java.lang.AssertionError" message="this will make the test method fail expected [true] but found [false]">
      <![CDATA[java.lang.AssertionError: this will make the test method fail expected [true] but found [false]
	at commonUtil.WebDriverUtils.takeScreenshot(WebDriverUtils.java:60)
	at com.mobileautomation.tests.WE_ProfileSettingsSuite.weConnect_ProfileSettings(WE_ProfileSettingsSuite.java:94)
	at java.util.concurrent.FutureTask.run(Unknown Source)
	at java.util.concurrent.ThreadPoolExecutor.runWorker(Unknown Source)
	at java.util.concurrent.ThreadPoolExecutor$Worker.run(Unknown Source)
	at java.lang.Thread.run(Unknown Source)
... Removed 19 stack frames]]>
    </failure>
  </testcase> <!-- weConnect_ProfileSettings -->
  <testcase name="weConnect_SetShortcutToContact" time="0.0" classname="com.mobileautomation.tests.WE_ProfileSettingsSuite">
    <ignored/>
  </testcase> <!-- weConnect_SetShortcutToContact -->
  <testcase name="weConnect_SetStartPage" time="0.0" classname="com.mobileautomation.tests.WE_ProfileSettingsSuite">
    <ignored/>
  </testcase> <!-- weConnect_SetStartPage -->
</testsuite> <!-- WE-ProfileSettings -->
