<?xml version="1.0" encoding="UTF-8"?>
<!-- Generated by org.testng.reporters.JUnitReportReporter -->
<testsuite name="com.mobileautomation.tests.SMB_BillingSuite" tests="2" time="0.001" ignored="7" failures="1" timestamp="12 Jul 2019 06:09:26 GMT" skipped="1" hostname="C3LAP002" errors="0">
  <testcase name="smb_VerifyDueAmount" time="0.001" classname="com.mobileautomation.tests.SMB_BillingSuite">
    <skipped/>
  </testcase> <!-- smb_VerifyDueAmount -->
  <testcase name="beforeMethod" time="0.000" classname="com.mobileautomation.tests.SMB_BillingSuite">
    <failure type="java.lang.AssertionError" message="Android driver is null - org.openqa.selenium.WebDriverException: An unknown server-side error occurred while processing the command. Original error: Cannot start the &#039;com&#039; application. Original error: Cannot start the &#039;com&#039; application. Original error: Activity name &#039;.com&#039; used to start the app doesn&#039;t exist or cannot be launched! Make sure it exists and is a launchable activity (WARNING: The server did not provide any stacktrace information)
Command duration or timeout: 12.73 seconds
Build info: version: &#039;3.8.0&#039;, revision: &#039;924c4067df&#039;, time: &#039;2017-11-30T11:20:39.408Z&#039;
System info: host: &#039;C3LAP002&#039;, ip: &#039;192.168.147.1&#039;, os.name: &#039;Windows 7&#039;, os.arch: &#039;amd64&#039;, os.version: &#039;6.1&#039;, java.version: &#039;1.8.0_144&#039;
Driver info: driver.version: AndroidAppiumDriver">
      <![CDATA[java.lang.AssertionError: Android driver is null - org.openqa.selenium.WebDriverException: An unknown server-side error occurred while processing the command. Original error: Cannot start the 'com' application. Original error: Cannot start the 'com' application. Original error: Activity name '.com' used to start the app doesn't exist or cannot be launched! Make sure it exists and is a launchable activity (WARNING: The server did not provide any stacktrace information)
Command duration or timeout: 12.73 seconds
Build info: version: '3.8.0', revision: '924c4067df', time: '2017-11-30T11:20:39.408Z'
System info: host: 'C3LAP002', ip: '192.168.147.1', os.name: 'Windows 7', os.arch: 'amd64', os.version: '6.1', java.version: '1.8.0_144'
Driver info: driver.version: AndroidAppiumDriver
	at org.testng.Assert.fail(Assert.java:94)
	at WebDriver.AndroidAppiumDriver.getAndroidDriver(AndroidAppiumDriver.java:54)
	at WebDriver.WebDriverFactory.getAndroidDriver(WebDriverFactory.java:110)
	at Base.BaseSteps_android.setUpPageObjects(BaseSteps_android.java:112)
	at Base.BaseSteps_android.beforeMethod(BaseSteps_android.java:99)
	at sun.reflect.NativeMethodAccessorImpl.invoke0(Native Method)
	at sun.reflect.NativeMethodAccessorImpl.invoke(Unknown Source)
	at sun.reflect.DelegatingMethodAccessorImpl.invoke(Unknown Source)
	at java.lang.reflect.Method.invoke(Unknown Source)
	at org.testng.internal.MethodInvocationHelper.invokeMethod(MethodInvocationHelper.java:104)
	at org.testng.internal.Invoker.invokeConfigurationMethod(Invoker.java:515)
	at org.testng.internal.Invoker.invokeConfigurations(Invoker.java:217)
	at org.testng.internal.Invoker.invokeMethod(Invoker.java:590)
	at org.testng.internal.Invoker.invokeTestMethod(Invoker.java:851)
	at org.testng.internal.Invoker.invokeTestMethods(Invoker.java:1177)
	at org.testng.internal.TestMethodWorker.invokeTestMethods(TestMethodWorker.java:129)
	at org.testng.internal.TestMethodWorker.run(TestMethodWorker.java:112)
	at org.testng.TestRunner.privateRun(TestRunner.java:756)
	at org.testng.TestRunner.run(TestRunner.java:610)
	at org.testng.SuiteRunner.runTest(SuiteRunner.java:387)
	at org.testng.SuiteRunner.runSequentially(SuiteRunner.java:382)
	at org.testng.SuiteRunner.privateRun(SuiteRunner.java:340)
	at org.testng.SuiteRunner.run(SuiteRunner.java:289)
	at org.testng.SuiteRunnerWorker.runSuite(SuiteRunnerWorker.java:52)
	at org.testng.SuiteRunnerWorker.run(SuiteRunnerWorker.java:86)
	at org.testng.TestNG.runSuitesSequentially(TestNG.java:1293)
	at org.testng.TestNG.runSuitesLocally(TestNG.java:1218)
	at org.testng.TestNG.runSuites(TestNG.java:1133)
	at org.testng.TestNG.run(TestNG.java:1104)
	at org.testng.remote.AbstractRemoteTestNG.run(AbstractRemoteTestNG.java:114)
	at org.testng.remote.RemoteTestNG.initAndRun(RemoteTestNG.java:251)
	at org.testng.remote.RemoteTestNG.main(RemoteTestNG.java:77)
]]>
    </failure>
  </testcase> <!-- beforeMethod -->
  <testcase name="smb_MakePayment" classname="com.mobileautomation.tests.SMB_BillingSuite">
    <skipped/>
  </testcase> <!-- smb_MakePayment -->
  <testcase name="smb_AddCredit_DebitCard" classname="com.mobileautomation.tests.SMB_BillingSuite">
    <skipped/>
  </testcase> <!-- smb_AddCredit_DebitCard -->
  <testcase name="smb_DeenrollAutoPay" classname="com.mobileautomation.tests.SMB_BillingSuite">
    <skipped/>
  </testcase> <!-- smb_DeenrollAutoPay -->
  <testcase name="smb_EnrollAutoPay" classname="com.mobileautomation.tests.SMB_BillingSuite">
    <skipped/>
  </testcase> <!-- smb_EnrollAutoPay -->
  <testcase name="smb_SchedulePayment" classname="com.mobileautomation.tests.SMB_BillingSuite">
    <skipped/>
  </testcase> <!-- smb_SchedulePayment -->
  <testcase name="smb_Notification" classname="com.mobileautomation.tests.SMB_BillingSuite">
    <skipped/>
  </testcase> <!-- smb_Notification -->
  <testcase name="smb_AddElectronicCheck" classname="com.mobileautomation.tests.SMB_BillingSuite">
    <skipped/>
  </testcase> <!-- smb_AddElectronicCheck -->
</testsuite> <!-- com.mobileautomation.tests.SMB_BillingSuite -->
